2019/07/29 13:51:45.004 [I] [main.go:52]  the path is F:\ie310.code\GOWORK\src\i3work\static
2019/07/29 13:51:45.005 [I] [serverHttp.go:85]  server httpServer where listen at 9999
2019/07/29 13:53:23.736 [I] [main.go:52]  the path is F:\ie310.code\GOWORK\src\github.com\ie310mu\i3shell\
2019/07/29 13:53:23.736 [I] [serverHttp.go:85]  server httpServer where listen at 8093
2019/07/29 14:22:15.537 [I] [main.go:52]  the path is F:\ie310.code\GOWORK\src\github.com\ie310mu\i3shell\
2019/07/29 14:22:15.537 [I] [serverHttp.go:85]  server httpServer where listen at 8093
2019/07/29 14:22:17.458 [I] [main.go:52]  the path is F:\ie310.code\GOWORK\src\github.com\ie310mu\i3shell\
2019/07/29 14:22:17.458 [I] [serverHttp.go:85]  server httpServer where listen at 8093
2019/07/29 14:22:17.460 [E] [serverHttp.go:77]  server httpServer run error： 
2019/07/29 14:22:17.460 [E] [serverHttp.go:77]  goroutine 9 [running]:
runtime/debug.Stack(0xc0000d8000, 0x3, 0xc000121020)
	C:/go/src/runtime/debug/stack.go:24 +0xa4
github.com/ie310mu/ie310go/logs.(*BeeLogger).Error(0xc0000d8000, 0xc000121000, 0x1f, 0x0, 0x0, 0x0)
	F:/ie310.code/GOWORK/src/github.com/ie310mu/ie310go/logs/log.go:432 +0x99
github.com/ie310mu/ie310go/common/logsagent.Error(0x979d00, 0xc0000f08b0, 0x0, 0x0, 0x0)
	F:/ie310.code/GOWORK/src/github.com/ie310mu/ie310go/common/logsagent/logsagent.go:46 +0x16a
github.com/ie310mu/ie310go/route.(*ServerHTTP).Run.func1(0xc0000e1ea0)
	F:/ie310.code/GOWORK/src/github.com/ie310mu/ie310go/route/serverHttp.go:77 +0xea
panic(0x9c5260, 0xc0000987d0)
	C:/go/src/runtime/panic.go:522 +0x1c3
github.com/ie310mu/ie310go/common/throw.CheckErr(...)
	F:/ie310.code/GOWORK/src/github.com/ie310mu/ie310go/common/throw/throw.go:6
github.com/ie310mu/ie310go/route.(*ServerHTTP).Run(0xc0000e1ea0)
	F:/ie310.code/GOWORK/src/github.com/ie310mu/ie310go/route/serverHttp.go:87 +0x2fb
github.com/ie310mu/ie310go/route.run.func2(0xc000019930, 0xb34be0, 0xc0000e1ea0)
	F:/ie310.code/GOWORK/src/github.com/ie310mu/ie310go/route/Server.go:63 +0x72
created by github.com/ie310mu/ie310go/route.run
	F:/ie310.code/GOWORK/src/github.com/ie310mu/ie310go/route/Server.go:55 +0x9c

2019/07/29 14:22:17.461 [E] [serverHttp.go:78]  listen tcp :8093: bind: Only one usage of each socket address (protocol/network address/port) is normally permitted.
2019/07/29 14:22:17.461 [E] [serverHttp.go:78]  goroutine 9 [running]:
runtime/debug.Stack(0xc0000d8000, 0x3, 0xc0000aaa00)
	C:/go/src/runtime/debug/stack.go:24 +0xa4
github.com/ie310mu/ie310go/logs.(*BeeLogger).Error(0xc0000d8000, 0xc0000aa980, 0x74, 0x0, 0x0, 0x0)
	F:/ie310.code/GOWORK/src/github.com/ie310mu/ie310go/logs/log.go:432 +0x99
github.com/ie310mu/ie310go/common/logsagent.Error(0x9c5260, 0xc0000987d0, 0x0, 0x0, 0x0)
	F:/ie310.code/GOWORK/src/github.com/ie310mu/ie310go/common/logsagent/logsagent.go:46 +0x16a
github.com/ie310mu/ie310go/route.(*ServerHTTP).Run.func1(0xc0000e1ea0)
	F:/ie310.code/GOWORK/src/github.com/ie310mu/ie310go/route/serverHttp.go:78 +0x113
panic(0x9c5260, 0xc0000987d0)
	C:/go/src/runtime/panic.go:522 +0x1c3
github.com/ie310mu/ie310go/common/throw.CheckErr(...)
	F:/ie310.code/GOWORK/src/github.com/ie310mu/ie310go/common/throw/throw.go:6
github.com/ie310mu/ie310go/route.(*ServerHTTP).Run(0xc0000e1ea0)
	F:/ie310.code/GOWORK/src/github.com/ie310mu/ie310go/route/serverHttp.go:87 +0x2fb
github.com/ie310mu/ie310go/route.run.func2(0xc000019930, 0xb34be0, 0xc0000e1ea0)
	F:/ie310.code/GOWORK/src/github.com/ie310mu/ie310go/route/Server.go:63 +0x72
created by github.com/ie310mu/ie310go/route.run
	F:/ie310.code/GOWORK/src/github.com/ie310mu/ie310go/route/Server.go:55 +0x9c

2019/07/29 14:24:36.592 [I] [main.go:52]  the path is F:\ie310.code\GOWORK\src\github.com\ie310mu\i3shell\
2019/07/29 14:24:36.592 [I] [serverHttp.go:85]  server httpServer where listen at 8093
2019/07/29 14:24:38.840 [I] [main.go:52]  the path is F:\ie310.code\GOWORK\src\github.com\ie310mu\i3shell\
2019/07/29 14:24:38.840 [I] [serverHttp.go:85]  server httpServer where listen at 8093
2019/07/29 14:24:38.841 [E] [serverHttp.go:77]  server httpServer run error： 
2019/07/29 14:24:38.841 [E] [serverHttp.go:77]  goroutine 9 [running]:
runtime/debug.Stack(0xc0000d8000, 0x3, 0xc000121040)
	C:/go/src/runtime/debug/stack.go:24 +0xa4
github.com/ie310mu/ie310go/logs.(*BeeLogger).Error(0xc0000d8000, 0xc000121020, 0x1f, 0x0, 0x0, 0x0)
	F:/ie310.code/GOWORK/src/github.com/ie310mu/ie310go/logs/log.go:432 +0x99
github.com/ie310mu/ie310go/common/logsagent.Error(0x979d00, 0xc0000ee8a0, 0x0, 0x0, 0x0)
	F:/ie310.code/GOWORK/src/github.com/ie310mu/ie310go/common/logsagent/logsagent.go:46 +0x16a
github.com/ie310mu/ie310go/route.(*ServerHTTP).Run.func1(0xc0000e1e30)
	F:/ie310.code/GOWORK/src/github.com/ie310mu/ie310go/route/serverHttp.go:77 +0xea
panic(0x9c5260, 0xc0000987d0)
	C:/go/src/runtime/panic.go:522 +0x1c3
github.com/ie310mu/ie310go/common/throw.CheckErr(...)
	F:/ie310.code/GOWORK/src/github.com/ie310mu/ie310go/common/throw/throw.go:6
github.com/ie310mu/ie310go/route.(*ServerHTTP).Run(0xc0000e1e30)
	F:/ie310.code/GOWORK/src/github.com/ie310mu/ie310go/route/serverHttp.go:87 +0x2fb
github.com/ie310mu/ie310go/route.run.func2(0xc000019930, 0xb34be0, 0xc0000e1e30)
	F:/ie310.code/GOWORK/src/github.com/ie310mu/ie310go/route/Server.go:63 +0x72
created by github.com/ie310mu/ie310go/route.run
	F:/ie310.code/GOWORK/src/github.com/ie310mu/ie310go/route/Server.go:55 +0x9c

2019/07/29 14:24:38.842 [E] [serverHttp.go:78]  listen tcp :8093: bind: Only one usage of each socket address (protocol/network address/port) is normally permitted.
2019/07/29 14:24:38.842 [E] [serverHttp.go:78]  goroutine 9 [running]:
runtime/debug.Stack(0xc0000d8000, 0x3, 0xc0000aaa00)
	C:/go/src/runtime/debug/stack.go:24 +0xa4
github.com/ie310mu/ie310go/logs.(*BeeLogger).Error(0xc0000d8000, 0xc0000aa980, 0x74, 0x0, 0x0, 0x0)
	F:/ie310.code/GOWORK/src/github.com/ie310mu/ie310go/logs/log.go:432 +0x99
github.com/ie310mu/ie310go/common/logsagent.Error(0x9c5260, 0xc0000987d0, 0x0, 0x0, 0x0)
	F:/ie310.code/GOWORK/src/github.com/ie310mu/ie310go/common/logsagent/logsagent.go:46 +0x16a
github.com/ie310mu/ie310go/route.(*ServerHTTP).Run.func1(0xc0000e1e30)
	F:/ie310.code/GOWORK/src/github.com/ie310mu/ie310go/route/serverHttp.go:78 +0x113
panic(0x9c5260, 0xc0000987d0)
	C:/go/src/runtime/panic.go:522 +0x1c3
github.com/ie310mu/ie310go/common/throw.CheckErr(...)
	F:/ie310.code/GOWORK/src/github.com/ie310mu/ie310go/common/throw/throw.go:6
github.com/ie310mu/ie310go/route.(*ServerHTTP).Run(0xc0000e1e30)
	F:/ie310.code/GOWORK/src/github.com/ie310mu/ie310go/route/serverHttp.go:87 +0x2fb
github.com/ie310mu/ie310go/route.run.func2(0xc000019930, 0xb34be0, 0xc0000e1e30)
	F:/ie310.code/GOWORK/src/github.com/ie310mu/ie310go/route/Server.go:63 +0x72
created by github.com/ie310mu/ie310go/route.run
	F:/ie310.code/GOWORK/src/github.com/ie310mu/ie310go/route/Server.go:55 +0x9c

2019/07/29 14:27:36.887 [I] [main.go:58]  the path is F:\ie310.code\GOWORK\src\github.com\ie310mu\i3shell\
2019/07/29 14:27:36.887 [I] [serverHttp.go:85]  server httpServer where listen at 8093
2019/07/29 14:27:39.166 [I] [main.go:58]  the path is F:\ie310.code\GOWORK\src\github.com\ie310mu\i3shell\
2019/07/29 14:27:39.166 [I] [serverHttp.go:85]  server httpServer where listen at 8093
2019/07/29 14:27:39.167 [E] [serverHttp.go:77]  server httpServer run error： 
2019/07/29 14:27:39.167 [E] [serverHttp.go:77]  goroutine 9 [running]:
runtime/debug.Stack(0xc0000d8000, 0x3, 0xc000121020)
	C:/go/src/runtime/debug/stack.go:24 +0xa4
github.com/ie310mu/ie310go/logs.(*BeeLogger).Error(0xc0000d8000, 0xc000121000, 0x1f, 0x0, 0x0, 0x0)
	F:/ie310.code/GOWORK/src/github.com/ie310mu/ie310go/logs/log.go:432 +0x99
github.com/ie310mu/ie310go/common/logsagent.Error(0x979d00, 0xc0000f08b0, 0x0, 0x0, 0x0)
	F:/ie310.code/GOWORK/src/github.com/ie310mu/ie310go/common/logsagent/logsagent.go:46 +0x16a
github.com/ie310mu/ie310go/route.(*ServerHTTP).Run.func1(0xc0000e1ea0)
	F:/ie310.code/GOWORK/src/github.com/ie310mu/ie310go/route/serverHttp.go:77 +0xea
panic(0x9c5260, 0xc0000987d0)
	C:/go/src/runtime/panic.go:522 +0x1c3
github.com/ie310mu/ie310go/common/throw.CheckErr(...)
	F:/ie310.code/GOWORK/src/github.com/ie310mu/ie310go/common/throw/throw.go:6
github.com/ie310mu/ie310go/route.(*ServerHTTP).Run(0xc0000e1ea0)
	F:/ie310.code/GOWORK/src/github.com/ie310mu/ie310go/route/serverHttp.go:87 +0x2fb
github.com/ie310mu/ie310go/route.run.func2(0xc000019930, 0xb34be0, 0xc0000e1ea0)
	F:/ie310.code/GOWORK/src/github.com/ie310mu/ie310go/route/Server.go:63 +0x72
created by github.com/ie310mu/ie310go/route.run
	F:/ie310.code/GOWORK/src/github.com/ie310mu/ie310go/route/Server.go:55 +0x9c

2019/07/29 14:27:39.167 [E] [serverHttp.go:78]  listen tcp :8093: bind: Only one usage of each socket address (protocol/network address/port) is normally permitted.
2019/07/29 14:27:39.167 [E] [serverHttp.go:78]  goroutine 9 [running]:
runtime/debug.Stack(0xc0000d8000, 0x3, 0xc0000aaa00)
	C:/go/src/runtime/debug/stack.go:24 +0xa4
github.com/ie310mu/ie310go/logs.(*BeeLogger).Error(0xc0000d8000, 0xc0000aa980, 0x74, 0x0, 0x0, 0x0)
	F:/ie310.code/GOWORK/src/github.com/ie310mu/ie310go/logs/log.go:432 +0x99
github.com/ie310mu/ie310go/common/logsagent.Error(0x9c5260, 0xc0000987d0, 0x0, 0x0, 0x0)
	F:/ie310.code/GOWORK/src/github.com/ie310mu/ie310go/common/logsagent/logsagent.go:46 +0x16a
github.com/ie310mu/ie310go/route.(*ServerHTTP).Run.func1(0xc0000e1ea0)
	F:/ie310.code/GOWORK/src/github.com/ie310mu/ie310go/route/serverHttp.go:78 +0x113
panic(0x9c5260, 0xc0000987d0)
	C:/go/src/runtime/panic.go:522 +0x1c3
github.com/ie310mu/ie310go/common/throw.CheckErr(...)
	F:/ie310.code/GOWORK/src/github.com/ie310mu/ie310go/common/throw/throw.go:6
github.com/ie310mu/ie310go/route.(*ServerHTTP).Run(0xc0000e1ea0)
	F:/ie310.code/GOWORK/src/github.com/ie310mu/ie310go/route/serverHttp.go:87 +0x2fb
github.com/ie310mu/ie310go/route.run.func2(0xc000019930, 0xb34be0, 0xc0000e1ea0)
	F:/ie310.code/GOWORK/src/github.com/ie310mu/ie310go/route/Server.go:63 +0x72
created by github.com/ie310mu/ie310go/route.run
	F:/ie310.code/GOWORK/src/github.com/ie310mu/ie310go/route/Server.go:55 +0x9c

2019/07/29 14:38:23.777 [I] [main.go:58]  the path is F:\ie310.code\GOWORK\src\github.com\ie310mu\i3shell\
2019/07/29 14:38:23.777 [I] [serverHttp.go:85]  server httpServer where listen at 8093
2019/07/29 14:38:29.564 [I] [main.go:58]  the path is F:\ie310.code\GOWORK\src\github.com\ie310mu\i3shell\
2019/07/29 14:38:29.565 [I] [serverHttp.go:85]  server httpServer where listen at 8093
2019/07/29 14:38:33.343 [I] [main.go:58]  the path is F:\ie310.code\GOWORK\src\i3work\static
2019/07/29 14:38:33.343 [I] [serverHttp.go:85]  server httpServer where listen at 8093
2019/07/29 14:38:36.447 [I] [main.go:58]  the path is F:\ie310.code\GOWORK\src\i3work\static
2019/07/29 14:38:36.447 [I] [serverHttp.go:85]  server httpServer where listen at 8093
2019/07/29 14:38:38.606 [I] [main.go:58]  the path is F:\ie310.code\GOWORK\src\github.com\ie310mu\i3shell\
2019/07/29 14:38:38.606 [I] [serverHttp.go:85]  server httpServer where listen at 8093
2019/07/29 14:39:55.540 [I] [main.go:58]  the path is F:\ie310.code\GOWORK\src\github.com\ie310mu\i3shell\
2019/07/29 14:39:55.541 [I] [serverHttp.go:85]  server httpServer where listen at 8093
2019/07/30 14:07:34.066 [I] [main.go:56]  the path is F:\ie310.code\GOWORK\src\github.com\ie310mu\i3shell\
2019/07/30 14:07:34.067 [I] [serverHttp.go:85]  server httpServer where listen at 8093
2019/07/30 14:08:13.080 [I] [main.go:56]  the path is F:\ie310.code\GOWORK\src\github.com\ie310mu\i3shell\
2019/07/30 14:08:15.080 [I] [serverHttp.go:85]  server httpServer where listen at 8093
2019/07/30 14:08:26.728 [I] [main.go:55]  the path is F:\ie310.code\GOWORK\src\github.com\ie310mu\i3shell\
2019/07/30 14:08:26.728 [I] [serverHttp.go:85]  server httpServer where listen at 8093
2019/07/30 14:08:59.830 [I] [main.go:55]  the path is F:\ie310.code\GOWORK\src\github.com\ie310mu\i3shell\
2019/07/30 14:09:54.303 [I] [serverHttp.go:85]  server httpServer where listen at 8093
2019/07/30 14:11:04.612 [I] [main.go:55]  the path is F:\ie310.code\GOWORK\src\github.com\ie310mu\i3shell\
2019/07/30 14:11:04.613 [E] [main.go:18]  Exception has been caught. %!(EXTRA *exec.Error=exec: "cmd /c start": file does not exist)
2019/07/30 14:11:04.613 [E] [main.go:18]  goroutine 1 [running]:
runtime/debug.Stack(0x0, 0x0, 0x0)
	C:/go/src/runtime/debug/stack.go:24 +0xa8
github.com/ie310mu/ie310go/logs.(*BeeLogger).Error(0xc0000f6000, 0xc00013ede0, 0x1b, 0xc00010a810, 0x1, 0x1)
	F:/ie310.code/GOWORK/src/github.com/ie310mu/ie310go/logs/log.go:432 +0xba
github.com/ie310mu/ie310go/common/logsagent.Error(0xb7a5a0, 0xd18930, 0xc00010a810, 0x1, 0x1)
	F:/ie310.code/GOWORK/src/github.com/ie310mu/ie310go/common/logsagent/logsagent.go:46 +0x216
main.main.func1()
	F:/ie310.code/GOWORK/src/github.com/ie310mu/i3shell/main.go:18 +0x108
panic(0xbaa840, 0xc00006f700)
	C:/go/src/runtime/panic.go:522 +0x1ee
github.com/ie310mu/ie310go/common/throw.CheckErr(0xd24320, 0xc00006f700)
	F:/ie310.code/GOWORK/src/github.com/ie310mu/ie310go/common/throw/throw.go:6 +0x82
github.com/ie310mu/ie310go/common/pc.OpenUrl(0xc00013eda0, 0x16)
	F:/ie310.code/GOWORK/src/github.com/ie310mu/ie310go/common/pc/pc.go:19 +0x15f
main.main()
	F:/ie310.code/GOWORK/src/github.com/ie310mu/i3shell/main.go:29 +0xdf

2019/07/30 14:11:04.613 [W] [main.go:19]  Press return to exit.
2019/07/30 14:11:31.205 [I] [main.go:55]  the path is F:\ie310.code\GOWORK\src\github.com\ie310mu\i3shell\
2019/07/30 14:11:31.205 [E] [main.go:18]  Exception has been caught. %!(EXTRA *exec.Error=exec: "cmd /c start": file does not exist)
2019/07/30 14:11:31.205 [E] [main.go:18]  goroutine 1 [running]:
runtime/debug.Stack(0x0, 0x0, 0x0)
	C:/go/src/runtime/debug/stack.go:24 +0xa8
github.com/ie310mu/ie310go/logs.(*BeeLogger).Error(0xc0000f6000, 0xc00013edc0, 0x1b, 0xc00010a820, 0x1, 0x1)
	F:/ie310.code/GOWORK/src/github.com/ie310mu/ie310go/logs/log.go:432 +0xba
github.com/ie310mu/ie310go/common/logsagent.Error(0xb7a5a0, 0xd18930, 0xc00010a820, 0x1, 0x1)
	F:/ie310.code/GOWORK/src/github.com/ie310mu/ie310go/common/logsagent/logsagent.go:46 +0x216
main.main.func1()
	F:/ie310.code/GOWORK/src/github.com/ie310mu/i3shell/main.go:18 +0x108
panic(0xbaa840, 0xc000071700)
	C:/go/src/runtime/panic.go:522 +0x1ee
github.com/ie310mu/ie310go/common/throw.CheckErr(0xd24320, 0xc000071700)
	F:/ie310.code/GOWORK/src/github.com/ie310mu/ie310go/common/throw/throw.go:6 +0x82
github.com/ie310mu/ie310go/common/pc.OpenUrl(0xc719c1, 0x15)
	F:/ie310.code/GOWORK/src/github.com/ie310mu/ie310go/common/pc/pc.go:19 +0x15f
main.main()
	F:/ie310.code/GOWORK/src/github.com/ie310mu/i3shell/main.go:29 +0x74

2019/07/30 14:11:31.205 [W] [main.go:19]  Press return to exit.
2019/07/30 14:13:36.313 [I] [main.go:55]  the path is F:\ie310.code\GOWORK\src\github.com\ie310mu\i3shell\
2019/07/30 14:13:36.317 [I] [serverHttp.go:85]  server httpServer where listen at 8093
2019/07/30 14:13:47.742 [I] [main.go:55]  the path is F:\ie310.code\GOWORK\src\github.com\ie310mu\i3shell\
2019/07/30 14:13:47.746 [I] [serverHttp.go:85]  server httpServer where listen at 8093
2019/07/30 14:15:51.180 [I] [main.go:55]  the path is F:\ie310.code\GOWORK\src\github.com\ie310mu\i3shell\
2019/07/30 14:15:51.185 [I] [serverHttp.go:85]  server httpServer where listen at 8093
2019/07/30 14:16:15.662 [I] [main.go:55]  the path is F:\ie310.code\GOWORK\src\github.com\ie310mu\i3shell\
2019/07/30 14:16:15.666 [I] [serverHttp.go:85]  server httpServer where listen at 8093
2019/07/30 14:24:07.576 [I] [main.go:59]  the path is F:\ie310.code\GOWORK\src\github.com\ie310mu\i3shell\
2019/07/30 14:24:07.576 [I] [serverHttp.go:85]  server httpServer where listen at 8093
2019/07/30 14:25:48.712 [I] [main.go:61]  the path is F:\ie310.code\GOWORK\src\github.com\ie310mu\i3shell\
2019/07/30 14:25:48.713 [I] [serverHttp.go:85]  server httpServer where listen at 8093
2019/07/30 14:26:13.623 [I] [main.go:61]  the path is F:\ie310.code\GOWORK\src\github.com\ie310mu\i3shell\
2019/07/30 14:26:13.624 [I] [serverHttp.go:85]  server httpServer where listen at 8093
